[0m16:24:14.334735 [debug] [MainThread]: Sending event: {'category': 'dbt', 'action': 'invocation', 'label': 'start', 'context': [<snowplow_tracker.self_describing_json.SelfDescribingJson object at 0x000001EFB9781130>, <snowplow_tracker.self_describing_json.SelfDescribingJson object at 0x000001EFBA1473E0>, <snowplow_tracker.self_describing_json.SelfDescribingJson object at 0x000001EFB75C0EC0>]}


============================== 16:24:14.382864 | 70f1aec0-666c-456a-ab19-6f35341362d8 ==============================
[0m16:24:14.382864 [info ] [MainThread]: Running with dbt=1.9.0
[0m16:24:14.384279 [debug] [MainThread]: running dbt with arguments {'printer_width': '80', 'indirect_selection': 'eager', 'write_json': 'True', 'log_cache_events': 'False', 'partial_parse': 'True', 'cache_selected_only': 'False', 'profiles_dir': 'C:\\Users\\pasivalingam\\repos\\dbt_snowflake', 'debug': 'False', 'version_check': 'True', 'log_path': 'C:\\Users\\pasivalingam\\repos\\dbt_snowflake\\logs', 'fail_fast': 'False', 'warn_error': 'None', 'use_colors': 'True', 'use_experimental_parser': 'False', 'empty': 'None', 'quiet': 'False', 'no_print': 'None', 'warn_error_options': 'WarnErrorOptions(include=[], exclude=[])', 'static_parser': 'True', 'invocation_command': 'dbt debug', 'introspect': 'True', 'target_path': 'None', 'log_format': 'default', 'send_anonymous_usage_stats': 'True'}
[0m16:24:14.663771 [info ] [MainThread]: dbt version: 1.9.0
[0m16:24:14.664768 [info ] [MainThread]: python version: 3.12.10
[0m16:24:14.664768 [info ] [MainThread]: python path: C:\Users\pasivalingam\AppData\Local\Programs\Python\Python312\python.exe
[0m16:24:14.665406 [info ] [MainThread]: os info: Windows-11-10.0.26100-SP0
[0m16:24:18.169458 [info ] [MainThread]: Using profiles dir at C:\Users\pasivalingam\repos\dbt_snowflake
[0m16:24:18.170479 [info ] [MainThread]: Using profiles.yml file at C:\Users\pasivalingam\repos\dbt_snowflake\profiles.yml
[0m16:24:18.170479 [info ] [MainThread]: Using dbt_project.yml file at C:\Users\pasivalingam\repos\dbt_snowflake\dbt_project.yml
[0m16:24:18.176499 [info ] [MainThread]: adapter type: snowflake
[0m16:24:18.177053 [info ] [MainThread]: adapter version: 1.9.4
[0m16:24:18.282491 [info ] [MainThread]: Configuration:
[0m16:24:18.282491 [info ] [MainThread]:   profiles.yml file [[32mOK found and valid[0m]
[0m16:24:18.282491 [info ] [MainThread]:   dbt_project.yml file [[32mOK found and valid[0m]
[0m16:24:18.283502 [info ] [MainThread]: Required dependencies:
[0m16:24:18.284093 [debug] [MainThread]: Executing "git --help"
[0m16:24:18.414922 [debug] [MainThread]: STDOUT: "b"usage: git [-v | --version] [-h | --help] [-C <path>] [-c <name>=<value>]\n           [--exec-path[=<path>]] [--html-path] [--man-path] [--info-path]\n           [-p | --paginate | -P | --no-pager] [--no-replace-objects] [--no-lazy-fetch]\n           [--no-optional-locks] [--no-advice] [--bare] [--git-dir=<path>]\n           [--work-tree=<path>] [--namespace=<name>] [--config-env=<name>=<envvar>]\n           <command> [<args>]\n\nThese are common Git commands used in various situations:\n\nstart a working area (see also: git help tutorial)\n   clone      Clone a repository into a new directory\n   init       Create an empty Git repository or reinitialize an existing one\n\nwork on the current change (see also: git help everyday)\n   add        Add file contents to the index\n   mv         Move or rename a file, a directory, or a symlink\n   restore    Restore working tree files\n   rm         Remove files from the working tree and from the index\n\nexamine the history and state (see also: git help revisions)\n   bisect     Use binary search to find the commit that introduced a bug\n   diff       Show changes between commits, commit and working tree, etc\n   grep       Print lines matching a pattern\n   log        Show commit logs\n   show       Show various types of objects\n   status     Show the working tree status\n\ngrow, mark and tweak your common history\n   backfill   Download missing objects in a partial clone\n   branch     List, create, or delete branches\n   commit     Record changes to the repository\n   merge      Join two or more development histories together\n   rebase     Reapply commits on top of another base tip\n   reset      Reset current HEAD to the specified state\n   switch     Switch branches\n   tag        Create, list, delete or verify a tag object signed with GPG\n\ncollaborate (see also: git help workflows)\n   fetch      Download objects and refs from another repository\n   pull       Fetch from and integrate with another repository or a local branch\n   push       Update remote refs along with associated objects\n\n'git help -a' and 'git help -g' list available subcommands and some\nconcept guides. See 'git help <command>' or 'git help <concept>'\nto read about a specific subcommand or concept.\nSee 'git help git' for an overview of the system.\n""
[0m16:24:18.414922 [debug] [MainThread]: STDERR: "b''"
[0m16:24:18.415922 [info ] [MainThread]:  - git [[32mOK found[0m]

[0m16:24:18.416518 [info ] [MainThread]: Connection:
[0m16:24:18.416518 [info ] [MainThread]:   account: VMKQKMW-PYA98707
[0m16:24:18.417045 [info ] [MainThread]:   user: PASIVALINGAM
[0m16:24:18.417045 [info ] [MainThread]:   database: ANALYTICS_DEV
[0m16:24:18.417606 [info ] [MainThread]:   warehouse: DBT_XS_WH
[0m16:24:18.417606 [info ] [MainThread]:   role: DBT_DEV_ROLE
[0m16:24:18.418164 [info ] [MainThread]:   schema: SILVER
[0m16:24:18.418164 [info ] [MainThread]:   authenticator: SNOWFLAKE_JWT
[0m16:24:18.418164 [info ] [MainThread]:   oauth_client_id: None
[0m16:24:18.418738 [info ] [MainThread]:   query_tag: None
[0m16:24:18.418738 [info ] [MainThread]:   client_session_keep_alive: False
[0m16:24:18.419308 [info ] [MainThread]:   host: None
[0m16:24:18.419870 [info ] [MainThread]:   port: None
[0m16:24:18.420444 [info ] [MainThread]:   proxy_host: None
[0m16:24:18.420444 [info ] [MainThread]:   proxy_port: None
[0m16:24:18.421138 [info ] [MainThread]:   protocol: None
[0m16:24:18.421138 [info ] [MainThread]:   connect_retries: 1
[0m16:24:18.421676 [info ] [MainThread]:   connect_timeout: None
[0m16:24:18.421676 [info ] [MainThread]:   retry_on_database_errors: False
[0m16:24:18.422256 [info ] [MainThread]:   retry_all: False
[0m16:24:18.422818 [info ] [MainThread]:   insecure_mode: False
[0m16:24:18.422818 [info ] [MainThread]:   reuse_connections: True
[0m16:24:18.423379 [info ] [MainThread]: Registered adapter: snowflake=1.9.4
[0m16:24:18.874943 [debug] [MainThread]: Acquiring new snowflake connection 'debug'
[0m16:24:22.322485 [debug] [MainThread]: Using snowflake connection "debug"
[0m16:24:22.323488 [debug] [MainThread]: On debug: select 1 as id
[0m16:24:22.323488 [debug] [MainThread]: Opening a new connection, currently in state init
[0m16:24:27.967973 [debug] [MainThread]: SQL status: SUCCESS 1 in 5.644 seconds
[0m16:24:27.969576 [info ] [MainThread]:   Connection test: [[32mOK connection ok[0m]

[0m16:24:27.971063 [info ] [MainThread]: [32mAll checks passed![0m
[0m16:24:27.972158 [debug] [MainThread]: Command `dbt debug` succeeded at 16:24:27.971636 after 14.00 seconds
[0m16:24:27.972158 [debug] [MainThread]: Connection 'debug' was left open.
[0m16:24:27.972158 [debug] [MainThread]: On debug: Close
[0m16:24:28.500496 [debug] [MainThread]: Sending event: {'category': 'dbt', 'action': 'invocation', 'label': 'end', 'context': [<snowplow_tracker.self_describing_json.SelfDescribingJson object at 0x000001EFBA1473E0>, <snowplow_tracker.self_describing_json.SelfDescribingJson object at 0x000001EFBC747C80>, <snowplow_tracker.self_describing_json.SelfDescribingJson object at 0x000001EFBBDA1A00>]}
[0m16:24:28.501496 [debug] [MainThread]: Flushing usage events
[0m16:24:29.503571 [debug] [MainThread]: An error was encountered while trying to flush usage events
[0m16:25:32.145255 [debug] [MainThread]: Sending event: {'category': 'dbt', 'action': 'invocation', 'label': 'start', 'context': [<snowplow_tracker.self_describing_json.SelfDescribingJson object at 0x000001AC1087E810>, <snowplow_tracker.self_describing_json.SelfDescribingJson object at 0x000001AC0E39F560>, <snowplow_tracker.self_describing_json.SelfDescribingJson object at 0x000001AC0E308050>]}


============================== 16:25:32.155777 | 188560df-8aeb-463e-a615-3b1afcd09cda ==============================
[0m16:25:32.155777 [info ] [MainThread]: Running with dbt=1.9.0
[0m16:25:32.155777 [debug] [MainThread]: running dbt with arguments {'printer_width': '80', 'indirect_selection': 'eager', 'write_json': 'True', 'log_cache_events': 'False', 'partial_parse': 'True', 'cache_selected_only': 'False', 'profiles_dir': 'C:\\Users\\pasivalingam\\repos\\dbt_snowflake', 'version_check': 'True', 'warn_error': 'None', 'log_path': 'C:\\Users\\pasivalingam\\repos\\dbt_snowflake\\logs', 'fail_fast': 'False', 'debug': 'False', 'use_colors': 'True', 'use_experimental_parser': 'False', 'empty': 'False', 'quiet': 'False', 'no_print': 'None', 'warn_error_options': 'WarnErrorOptions(include=[], exclude=[])', 'invocation_command': 'dbt build', 'log_format': 'default', 'static_parser': 'True', 'target_path': 'None', 'introspect': 'True', 'send_anonymous_usage_stats': 'True'}
[0m16:25:33.304051 [debug] [MainThread]: Sending event: {'category': 'dbt', 'action': 'project_id', 'label': '188560df-8aeb-463e-a615-3b1afcd09cda', 'context': [<snowplow_tracker.self_describing_json.SelfDescribingJson object at 0x000001AC132737A0>]}
[0m16:25:33.359731 [debug] [MainThread]: Sending event: {'category': 'dbt', 'action': 'adapter_info', 'label': '188560df-8aeb-463e-a615-3b1afcd09cda', 'context': [<snowplow_tracker.self_describing_json.SelfDescribingJson object at 0x000001AC10A41AF0>]}
[0m16:25:33.366320 [info ] [MainThread]: Registered adapter: snowflake=1.9.4
[0m16:25:33.861264 [error] [MainThread]: Encountered an error:
Compilation Error
  dbt found 1 package(s) specified in packages.yml, but only 0 package(s) installed in dbt_packages. Run "dbt deps" to install package dependencies.
[0m16:25:33.862758 [debug] [MainThread]: Command `dbt build` failed at 16:25:33.862758 after 1.99 seconds
[0m16:25:33.863467 [debug] [MainThread]: Sending event: {'category': 'dbt', 'action': 'invocation', 'label': 'end', 'context': [<snowplow_tracker.self_describing_json.SelfDescribingJson object at 0x000001AC11402B10>, <snowplow_tracker.self_describing_json.SelfDescribingJson object at 0x000001AC13242AE0>, <snowplow_tracker.self_describing_json.SelfDescribingJson object at 0x000001AC12C8FAA0>]}
[0m16:25:33.863467 [debug] [MainThread]: Flushing usage events
[0m16:25:35.159224 [debug] [MainThread]: An error was encountered while trying to flush usage events
[0m16:25:47.699586 [debug] [MainThread]: Sending event: {'category': 'dbt', 'action': 'invocation', 'label': 'start', 'context': [<snowplow_tracker.self_describing_json.SelfDescribingJson object at 0x000001E22ED1BE00>, <snowplow_tracker.self_describing_json.SelfDescribingJson object at 0x000001E22ED18470>, <snowplow_tracker.self_describing_json.SelfDescribingJson object at 0x000001E22ED49FD0>]}


============================== 16:25:47.711334 | 95903228-5936-4113-9407-96452532d552 ==============================
[0m16:25:47.711334 [info ] [MainThread]: Running with dbt=1.9.0
[0m16:25:47.711821 [debug] [MainThread]: running dbt with arguments {'printer_width': '80', 'indirect_selection': 'eager', 'write_json': 'True', 'log_cache_events': 'False', 'partial_parse': 'True', 'cache_selected_only': 'False', 'profiles_dir': 'C:\\Users\\pasivalingam\\repos\\dbt_snowflake', 'debug': 'False', 'version_check': 'True', 'log_path': 'C:\\Users\\pasivalingam\\repos\\dbt_snowflake\\logs', 'warn_error': 'None', 'fail_fast': 'False', 'use_colors': 'True', 'use_experimental_parser': 'False', 'empty': 'None', 'quiet': 'False', 'no_print': 'None', 'warn_error_options': 'WarnErrorOptions(include=[], exclude=[])', 'static_parser': 'True', 'invocation_command': 'dbt deps', 'introspect': 'True', 'target_path': 'None', 'log_format': 'default', 'send_anonymous_usage_stats': 'True'}
[0m16:25:47.945262 [debug] [MainThread]: Sending event: {'category': 'dbt', 'action': 'project_id', 'label': '95903228-5936-4113-9407-96452532d552', 'context': [<snowplow_tracker.self_describing_json.SelfDescribingJson object at 0x000001E22ED49FD0>]}
[0m16:25:48.143878 [debug] [MainThread]: Set downloads directory='C:\Users\PASIVA~1\AppData\Local\Temp\dbt-downloads-z8ig3af9'
[0m16:25:48.143878 [debug] [MainThread]: Making package index registry request: GET https://hub.getdbt.com/api/v1/index.json
[0m16:25:48.529262 [debug] [MainThread]: Response from registry index: GET https://hub.getdbt.com/api/v1/index.json 200
[0m16:25:48.529262 [debug] [MainThread]: Making package registry request: GET https://hub.getdbt.com/api/v1/dbt-labs/dbt_utils.json
[0m16:25:48.834252 [debug] [MainThread]: Response from registry: GET https://hub.getdbt.com/api/v1/dbt-labs/dbt_utils.json 200
[0m16:25:48.868630 [info ] [MainThread]: Updating lock file in file path: C:\Users\pasivalingam\repos\dbt_snowflake/package-lock.yml
[0m16:25:48.880526 [debug] [MainThread]: Set downloads directory='C:\Users\PASIVA~1\AppData\Local\Temp\dbt-downloads-nbhqvd1x'
[0m16:25:48.885789 [info ] [MainThread]: Installing dbt-labs/dbt_utils
[0m16:25:54.089420 [info ] [MainThread]: Installed from version 1.3.2
[0m16:25:54.090429 [info ] [MainThread]: Up to date!
[0m16:25:54.090429 [debug] [MainThread]: Sending event: {'category': 'dbt', 'action': 'package', 'label': '95903228-5936-4113-9407-96452532d552', 'property_': 'install', 'context': [<snowplow_tracker.self_describing_json.SelfDescribingJson object at 0x000001E22F2160F0>, <snowplow_tracker.self_describing_json.SelfDescribingJson object at 0x000001E22E6630B0>]}
[0m16:25:54.119289 [debug] [MainThread]: Command `dbt deps` succeeded at 16:25:54.118281 after 6.71 seconds
[0m16:25:54.119289 [debug] [MainThread]: Sending event: {'category': 'dbt', 'action': 'invocation', 'label': 'end', 'context': [<snowplow_tracker.self_describing_json.SelfDescribingJson object at 0x000001E22F089280>, <snowplow_tracker.self_describing_json.SelfDescribingJson object at 0x000001E22F0891F0>, <snowplow_tracker.self_describing_json.SelfDescribingJson object at 0x000001E22F089250>]}
[0m16:25:54.119289 [debug] [MainThread]: Flushing usage events
[0m16:25:55.269917 [debug] [MainThread]: An error was encountered while trying to flush usage events
[0m16:26:06.944838 [debug] [MainThread]: Sending event: {'category': 'dbt', 'action': 'invocation', 'label': 'start', 'context': [<snowplow_tracker.self_describing_json.SelfDescribingJson object at 0x000001516C17BC20>, <snowplow_tracker.self_describing_json.SelfDescribingJson object at 0x000001516F242870>, <snowplow_tracker.self_describing_json.SelfDescribingJson object at 0x000001516F2429C0>]}


============================== 16:26:06.955796 | a0a739f6-39a5-4fee-9cae-6cca67cb508a ==============================
[0m16:26:06.955796 [info ] [MainThread]: Running with dbt=1.9.0
[0m16:26:06.956335 [debug] [MainThread]: running dbt with arguments {'printer_width': '80', 'indirect_selection': 'eager', 'log_cache_events': 'False', 'write_json': 'True', 'partial_parse': 'True', 'cache_selected_only': 'False', 'warn_error': 'None', 'debug': 'False', 'profiles_dir': 'C:\\Users\\pasivalingam\\repos\\dbt_snowflake', 'log_path': 'C:\\Users\\pasivalingam\\repos\\dbt_snowflake\\logs', 'fail_fast': 'False', 'version_check': 'True', 'use_colors': 'True', 'use_experimental_parser': 'False', 'empty': 'False', 'quiet': 'False', 'no_print': 'None', 'warn_error_options': 'WarnErrorOptions(include=[], exclude=[])', 'introspect': 'True', 'invocation_command': 'dbt build', 'static_parser': 'True', 'target_path': 'None', 'log_format': 'default', 'send_anonymous_usage_stats': 'True'}
[0m16:26:08.097193 [debug] [MainThread]: Sending event: {'category': 'dbt', 'action': 'project_id', 'label': 'a0a739f6-39a5-4fee-9cae-6cca67cb508a', 'context': [<snowplow_tracker.self_describing_json.SelfDescribingJson object at 0x0000015171123230>]}
[0m16:26:08.144657 [debug] [MainThread]: Sending event: {'category': 'dbt', 'action': 'adapter_info', 'label': 'a0a739f6-39a5-4fee-9cae-6cca67cb508a', 'context': [<snowplow_tracker.self_describing_json.SelfDescribingJson object at 0x000001516F2C0AD0>]}
[0m16:26:08.149354 [info ] [MainThread]: Registered adapter: snowflake=1.9.4
[0m16:26:08.520346 [error] [MainThread]: Encountered an error:
Compilation Error
  dbt found more than one package with the name "dbt_snowflake" included in this project. Package names must be unique in a project. Please rename one of these packages.
[0m16:26:08.522281 [debug] [MainThread]: Command `dbt build` failed at 16:26:08.522281 after 1.85 seconds
[0m16:26:08.523144 [debug] [MainThread]: Sending event: {'category': 'dbt', 'action': 'invocation', 'label': 'end', 'context': [<snowplow_tracker.self_describing_json.SelfDescribingJson object at 0x0000015170A95AC0>, <snowplow_tracker.self_describing_json.SelfDescribingJson object at 0x0000015171123AA0>, <snowplow_tracker.self_describing_json.SelfDescribingJson object at 0x000001516F2588C0>]}
[0m16:26:08.523655 [debug] [MainThread]: Flushing usage events
[0m16:26:09.671475 [debug] [MainThread]: An error was encountered while trying to flush usage events
[0m16:26:48.469788 [debug] [MainThread]: Sending event: {'category': 'dbt', 'action': 'invocation', 'label': 'start', 'context': [<snowplow_tracker.self_describing_json.SelfDescribingJson object at 0x000002C2F198FFB0>, <snowplow_tracker.self_describing_json.SelfDescribingJson object at 0x000002C2F1D31070>, <snowplow_tracker.self_describing_json.SelfDescribingJson object at 0x000002C2F1AD47A0>]}


============================== 16:26:48.478925 | 02cb0422-3c00-42ca-a6ce-b38dad21314a ==============================
[0m16:26:48.478925 [info ] [MainThread]: Running with dbt=1.9.0
[0m16:26:48.480953 [debug] [MainThread]: running dbt with arguments {'printer_width': '80', 'indirect_selection': 'eager', 'log_cache_events': 'False', 'write_json': 'True', 'partial_parse': 'True', 'cache_selected_only': 'False', 'profiles_dir': 'C:\\Users\\pasivalingam\\repos\\dbt_snowflake', 'fail_fast': 'False', 'warn_error': 'None', 'log_path': 'C:\\Users\\pasivalingam\\repos\\dbt_snowflake\\logs', 'version_check': 'True', 'debug': 'False', 'use_colors': 'True', 'use_experimental_parser': 'False', 'no_print': 'None', 'quiet': 'False', 'empty': 'False', 'log_format': 'default', 'invocation_command': 'dbt build', 'static_parser': 'True', 'introspect': 'True', 'target_path': 'None', 'warn_error_options': 'WarnErrorOptions(include=[], exclude=[])', 'send_anonymous_usage_stats': 'True'}
[0m16:26:49.378153 [debug] [MainThread]: Sending event: {'category': 'dbt', 'action': 'project_id', 'label': '02cb0422-3c00-42ca-a6ce-b38dad21314a', 'context': [<snowplow_tracker.self_describing_json.SelfDescribingJson object at 0x000002C2F43182C0>]}
[0m16:26:49.425617 [debug] [MainThread]: Sending event: {'category': 'dbt', 'action': 'adapter_info', 'label': '02cb0422-3c00-42ca-a6ce-b38dad21314a', 'context': [<snowplow_tracker.self_describing_json.SelfDescribingJson object at 0x000002C2F431B680>]}
[0m16:26:49.427318 [info ] [MainThread]: Registered adapter: snowflake=1.9.4
[0m16:26:49.776124 [debug] [MainThread]: checksum: c99e828bba267739642b5a3ce85f17518764ea526e0e6c4fdc649171c1a66bff, vars: {}, profile: , target: , version: 1.9.0
[0m16:26:49.783937 [info ] [MainThread]: Unable to do partial parsing because saved manifest not found. Starting full parse.
[0m16:26:49.783937 [debug] [MainThread]: Sending event: {'category': 'dbt', 'action': 'partial_parser', 'label': '02cb0422-3c00-42ca-a6ce-b38dad21314a', 'context': [<snowplow_tracker.self_describing_json.SelfDescribingJson object at 0x000002C2F4485040>]}
[0m16:26:51.660134 [debug] [MainThread]: Sending event: {'category': 'dbt', 'action': 'load_project', 'label': '02cb0422-3c00-42ca-a6ce-b38dad21314a', 'context': [<snowplow_tracker.self_describing_json.SelfDescribingJson object at 0x000002C2F49DEBA0>]}
[0m16:26:51.743938 [debug] [MainThread]: Wrote artifact WritableManifest to C:\Users\pasivalingam\repos\dbt_snowflake\target\manifest.json
[0m16:26:51.963418 [debug] [MainThread]: Wrote artifact SemanticManifest to C:\Users\pasivalingam\repos\dbt_snowflake\target\semantic_manifest.json
[0m16:26:52.162949 [debug] [MainThread]: Sending event: {'category': 'dbt', 'action': 'resource_counts', 'label': '02cb0422-3c00-42ca-a6ce-b38dad21314a', 'context': [<snowplow_tracker.self_describing_json.SelfDescribingJson object at 0x000002C2F4B8B140>]}
[0m16:26:52.162949 [info ] [MainThread]: Found 3 models, 1 seed, 4 data tests, 593 macros
[0m16:26:52.165689 [info ] [MainThread]: 
[0m16:26:52.165689 [info ] [MainThread]: Concurrency: 1 threads (target='dev')
[0m16:26:52.166528 [info ] [MainThread]: 
[0m16:26:52.167395 [debug] [MainThread]: Acquiring new snowflake connection 'master'
[0m16:26:52.171461 [debug] [ThreadPool]: Acquiring new snowflake connection 'list_ANALYTICS_DEV'
[0m16:26:53.004406 [debug] [ThreadPool]: Using snowflake connection "list_ANALYTICS_DEV"
[0m16:26:53.004406 [debug] [ThreadPool]: On list_ANALYTICS_DEV: /* {"app": "dbt", "dbt_version": "1.9.0", "profile_name": "wcc_datahub", "target_name": "dev", "connection_name": "list_ANALYTICS_DEV"} */
show terse schemas in database ANALYTICS_DEV
    limit 10000
[0m16:26:53.005400 [debug] [ThreadPool]: Opening a new connection, currently in state init
[0m16:26:56.818816 [debug] [ThreadPool]: SQL status: SUCCESS 4 in 3.814 seconds
[0m16:26:56.822912 [debug] [ThreadPool]: Using snowflake connection "list_ANALYTICS_DEV"
[0m16:26:56.824440 [debug] [ThreadPool]: On list_ANALYTICS_DEV: /* {"app": "dbt", "dbt_version": "1.9.0", "profile_name": "wcc_datahub", "target_name": "dev", "connection_name": "list_ANALYTICS_DEV"} */
show terse schemas in database ANALYTICS_DEV
    limit 10000
[0m16:26:57.151139 [debug] [ThreadPool]: SQL status: SUCCESS 4 in 0.326 seconds
[0m16:26:57.157086 [debug] [ThreadPool]: Using snowflake connection "list_ANALYTICS_DEV"
[0m16:26:57.158661 [debug] [ThreadPool]: On list_ANALYTICS_DEV: /* {"app": "dbt", "dbt_version": "1.9.0", "profile_name": "wcc_datahub", "target_name": "dev", "connection_name": "list_ANALYTICS_DEV"} */
show terse schemas in database ANALYTICS_DEV
    limit 10000
[0m16:26:57.465489 [debug] [ThreadPool]: SQL status: SUCCESS 4 in 0.306 seconds
[0m16:26:57.473839 [debug] [ThreadPool]: Using snowflake connection "list_ANALYTICS_DEV"
[0m16:26:57.474837 [debug] [ThreadPool]: On list_ANALYTICS_DEV: /* {"app": "dbt", "dbt_version": "1.9.0", "profile_name": "wcc_datahub", "target_name": "dev", "connection_name": "list_ANALYTICS_DEV"} */
show terse schemas in database ANALYTICS_DEV
    limit 10000
[0m16:26:57.785048 [debug] [ThreadPool]: SQL status: SUCCESS 4 in 0.309 seconds
[0m16:26:57.786047 [debug] [ThreadPool]: Re-using an available connection from the pool (formerly list_ANALYTICS_DEV, now create_ANALYTICS_DEV_SILVER_BRONZE)
[0m16:26:57.787046 [debug] [ThreadPool]: Creating schema "database: "ANALYTICS_DEV"
schema: "SILVER_BRONZE"
"
[0m16:26:57.794295 [debug] [ThreadPool]: Using snowflake connection "create_ANALYTICS_DEV_SILVER_BRONZE"
[0m16:26:57.794869 [debug] [ThreadPool]: On create_ANALYTICS_DEV_SILVER_BRONZE: /* {"app": "dbt", "dbt_version": "1.9.0", "profile_name": "wcc_datahub", "target_name": "dev", "connection_name": "create_ANALYTICS_DEV_SILVER_BRONZE"} */
create schema if not exists ANALYTICS_DEV.SILVER_BRONZE
[0m16:26:58.181151 [debug] [ThreadPool]: Snowflake adapter: Snowflake query id: 01c0a5d0-0003-1efd-0000-0004517767b9
[0m16:26:58.181151 [debug] [ThreadPool]: Snowflake adapter: Snowflake error: 003001 (42501): SQL access control error:
Insufficient privileges to operate on database 'ANALYTICS_DEV'.
[0m16:26:58.181151 [debug] [ThreadPool]: Snowflake adapter: Error running SQL: macro create_schema
[0m16:26:58.182459 [debug] [ThreadPool]: Snowflake adapter: Rolling back transaction.
[0m16:26:58.182459 [debug] [ThreadPool]: Re-using an available connection from the pool (formerly create_ANALYTICS_DEV_SILVER_BRONZE, now create_ANALYTICS_DEV_SILVER_SILVER)
[0m16:26:58.183250 [debug] [ThreadPool]: Creating schema "database: "ANALYTICS_DEV"
schema: "SILVER_SILVER"
"
[0m16:26:58.184777 [debug] [ThreadPool]: Using snowflake connection "create_ANALYTICS_DEV_SILVER_SILVER"
[0m16:26:58.185777 [debug] [ThreadPool]: On create_ANALYTICS_DEV_SILVER_SILVER: /* {"app": "dbt", "dbt_version": "1.9.0", "profile_name": "wcc_datahub", "target_name": "dev", "connection_name": "create_ANALYTICS_DEV_SILVER_SILVER"} */
create schema if not exists ANALYTICS_DEV.SILVER_SILVER
[0m16:26:58.485227 [debug] [ThreadPool]: Snowflake adapter: Snowflake query id: 01c0a5d0-0003-1efd-0000-0004517767bd
[0m16:26:58.485227 [debug] [ThreadPool]: Snowflake adapter: Snowflake error: 003001 (42501): SQL access control error:
Insufficient privileges to operate on database 'ANALYTICS_DEV'.
[0m16:26:58.486227 [debug] [ThreadPool]: Snowflake adapter: Error running SQL: macro create_schema
[0m16:26:58.486227 [debug] [ThreadPool]: Snowflake adapter: Rolling back transaction.
[0m16:26:58.487259 [debug] [ThreadPool]: Re-using an available connection from the pool (formerly create_ANALYTICS_DEV_SILVER_SILVER, now create_ANALYTICS_DEV_SILVER_LANDING)
[0m16:26:58.488227 [debug] [ThreadPool]: Creating schema "database: "ANALYTICS_DEV"
schema: "SILVER_LANDING"
"
[0m16:26:58.490240 [debug] [ThreadPool]: Using snowflake connection "create_ANALYTICS_DEV_SILVER_LANDING"
[0m16:26:58.491240 [debug] [ThreadPool]: On create_ANALYTICS_DEV_SILVER_LANDING: /* {"app": "dbt", "dbt_version": "1.9.0", "profile_name": "wcc_datahub", "target_name": "dev", "connection_name": "create_ANALYTICS_DEV_SILVER_LANDING"} */
create schema if not exists ANALYTICS_DEV.SILVER_LANDING
[0m16:26:58.783382 [debug] [ThreadPool]: Snowflake adapter: Snowflake query id: 01c0a5d0-0003-1efd-0000-0004517767c1
[0m16:26:58.783382 [debug] [ThreadPool]: Snowflake adapter: Snowflake error: 003001 (42501): SQL access control error:
Insufficient privileges to operate on database 'ANALYTICS_DEV'.
[0m16:26:58.784383 [debug] [ThreadPool]: Snowflake adapter: Error running SQL: macro create_schema
[0m16:26:58.784383 [debug] [ThreadPool]: Snowflake adapter: Rolling back transaction.
[0m16:26:58.784383 [debug] [ThreadPool]: Re-using an available connection from the pool (formerly create_ANALYTICS_DEV_SILVER_LANDING, now create_ANALYTICS_DEV_SILVER_GOLD)
[0m16:26:58.784383 [debug] [ThreadPool]: Creating schema "database: "ANALYTICS_DEV"
schema: "SILVER_GOLD"
"
[0m16:26:58.786383 [debug] [ThreadPool]: Using snowflake connection "create_ANALYTICS_DEV_SILVER_GOLD"
[0m16:26:58.787384 [debug] [ThreadPool]: On create_ANALYTICS_DEV_SILVER_GOLD: /* {"app": "dbt", "dbt_version": "1.9.0", "profile_name": "wcc_datahub", "target_name": "dev", "connection_name": "create_ANALYTICS_DEV_SILVER_GOLD"} */
create schema if not exists ANALYTICS_DEV.SILVER_GOLD
[0m16:26:59.077479 [debug] [ThreadPool]: Snowflake adapter: Snowflake query id: 01c0a5d0-0003-1efd-0000-0004517767c5
[0m16:26:59.077479 [debug] [ThreadPool]: Snowflake adapter: Snowflake error: 003001 (42501): SQL access control error:
Insufficient privileges to operate on database 'ANALYTICS_DEV'.
[0m16:26:59.078985 [debug] [ThreadPool]: Snowflake adapter: Error running SQL: macro create_schema
[0m16:26:59.078985 [debug] [ThreadPool]: Snowflake adapter: Rolling back transaction.
[0m16:26:59.080491 [debug] [MainThread]: Connection 'master' was properly closed.
[0m16:26:59.081032 [debug] [MainThread]: Connection 'create_ANALYTICS_DEV_SILVER_GOLD' was left open.
[0m16:26:59.082038 [debug] [MainThread]: On create_ANALYTICS_DEV_SILVER_GOLD: Close
[0m16:26:59.611584 [info ] [MainThread]: 
[0m16:26:59.612294 [info ] [MainThread]: Finished running  in 0 hours 0 minutes and 7.44 seconds (7.44s).
[0m16:26:59.612800 [error] [MainThread]: Encountered an error:
Database Error
  003001 (42501): SQL access control error:
  Insufficient privileges to operate on database 'ANALYTICS_DEV'.
[0m16:26:59.613737 [debug] [MainThread]: Command `dbt build` failed at 16:26:59.613737 after 11.38 seconds
[0m16:26:59.613737 [debug] [MainThread]: Sending event: {'category': 'dbt', 'action': 'invocation', 'label': 'end', 'context': [<snowplow_tracker.self_describing_json.SelfDescribingJson object at 0x000002C2EEAC98E0>, <snowplow_tracker.self_describing_json.SelfDescribingJson object at 0x000002C2F3DAF8F0>, <snowplow_tracker.self_describing_json.SelfDescribingJson object at 0x000002C2F64515B0>]}
[0m16:26:59.614433 [debug] [MainThread]: Flushing usage events
[0m16:27:00.853298 [debug] [MainThread]: An error was encountered while trying to flush usage events
[0m16:32:10.903281 [debug] [MainThread]: Sending event: {'category': 'dbt', 'action': 'invocation', 'label': 'start', 'context': [<snowplow_tracker.self_describing_json.SelfDescribingJson object at 0x000001FA7777F5C0>, <snowplow_tracker.self_describing_json.SelfDescribingJson object at 0x000001FA7777F5F0>, <snowplow_tracker.self_describing_json.SelfDescribingJson object at 0x000001FA778A26C0>]}


============================== 16:32:10.916635 | 9d3e79c7-8c70-4ce2-9e4f-62d9d6b58884 ==============================
[0m16:32:10.916635 [info ] [MainThread]: Running with dbt=1.9.0
[0m16:32:10.916635 [debug] [MainThread]: running dbt with arguments {'printer_width': '80', 'indirect_selection': 'eager', 'log_cache_events': 'False', 'write_json': 'True', 'partial_parse': 'True', 'cache_selected_only': 'False', 'profiles_dir': 'C:\\Users\\pasivalingam\\repos\\dbt_snowflake', 'fail_fast': 'False', 'warn_error': 'None', 'log_path': 'C:\\Users\\pasivalingam\\repos\\dbt_snowflake\\logs', 'debug': 'False', 'version_check': 'True', 'use_colors': 'True', 'use_experimental_parser': 'False', 'empty': 'False', 'quiet': 'False', 'no_print': 'None', 'log_format': 'default', 'invocation_command': 'dbt build', 'warn_error_options': 'WarnErrorOptions(include=[], exclude=[])', 'introspect': 'True', 'target_path': 'None', 'static_parser': 'True', 'send_anonymous_usage_stats': 'True'}
[0m16:32:11.627015 [debug] [MainThread]: Sending event: {'category': 'dbt', 'action': 'project_id', 'label': '9d3e79c7-8c70-4ce2-9e4f-62d9d6b58884', 'context': [<snowplow_tracker.self_describing_json.SelfDescribingJson object at 0x000001FA7947F860>]}
[0m16:32:11.660201 [debug] [MainThread]: Sending event: {'category': 'dbt', 'action': 'adapter_info', 'label': '9d3e79c7-8c70-4ce2-9e4f-62d9d6b58884', 'context': [<snowplow_tracker.self_describing_json.SelfDescribingJson object at 0x000001FA794AFBC0>]}
[0m16:32:11.660201 [info ] [MainThread]: Registered adapter: snowflake=1.9.4
[0m16:32:11.983515 [debug] [MainThread]: checksum: c99e828bba267739642b5a3ce85f17518764ea526e0e6c4fdc649171c1a66bff, vars: {}, profile: , target: , version: 1.9.0
[0m16:32:12.314290 [debug] [MainThread]: Partial parsing enabled: 0 files deleted, 0 files added, 0 files changed.
[0m16:32:12.314290 [debug] [MainThread]: Partial parsing enabled, no changes found, skipping parsing
[0m16:32:12.345345 [debug] [MainThread]: Sending event: {'category': 'dbt', 'action': 'load_project', 'label': '9d3e79c7-8c70-4ce2-9e4f-62d9d6b58884', 'context': [<snowplow_tracker.self_describing_json.SelfDescribingJson object at 0x000001FA7966AC60>]}
[0m16:32:12.408832 [debug] [MainThread]: Wrote artifact WritableManifest to C:\Users\pasivalingam\repos\dbt_snowflake\target\manifest.json
[0m16:32:12.564238 [debug] [MainThread]: Wrote artifact SemanticManifest to C:\Users\pasivalingam\repos\dbt_snowflake\target\semantic_manifest.json
[0m16:32:12.662032 [debug] [MainThread]: Sending event: {'category': 'dbt', 'action': 'resource_counts', 'label': '9d3e79c7-8c70-4ce2-9e4f-62d9d6b58884', 'context': [<snowplow_tracker.self_describing_json.SelfDescribingJson object at 0x000001FA79BD7170>]}
[0m16:32:12.662032 [info ] [MainThread]: Found 3 models, 1 seed, 4 data tests, 593 macros
[0m16:32:12.670189 [info ] [MainThread]: 
[0m16:32:12.670824 [info ] [MainThread]: Concurrency: 1 threads (target='dev')
[0m16:32:12.670824 [info ] [MainThread]: 
[0m16:32:12.671421 [debug] [MainThread]: Acquiring new snowflake connection 'master'
[0m16:32:12.675558 [debug] [ThreadPool]: Acquiring new snowflake connection 'list_ANALYTICS_DEV'
[0m16:32:13.308824 [debug] [ThreadPool]: Using snowflake connection "list_ANALYTICS_DEV"
[0m16:32:13.308824 [debug] [ThreadPool]: On list_ANALYTICS_DEV: /* {"app": "dbt", "dbt_version": "1.9.0", "profile_name": "wcc_datahub", "target_name": "dev", "connection_name": "list_ANALYTICS_DEV"} */
show terse schemas in database ANALYTICS_DEV
    limit 10000
[0m16:32:13.308824 [debug] [ThreadPool]: Opening a new connection, currently in state init
[0m16:32:17.011847 [debug] [ThreadPool]: SQL status: SUCCESS 4 in 3.700 seconds
[0m16:32:17.016882 [debug] [ThreadPool]: Using snowflake connection "list_ANALYTICS_DEV"
[0m16:32:17.020514 [debug] [ThreadPool]: On list_ANALYTICS_DEV: /* {"app": "dbt", "dbt_version": "1.9.0", "profile_name": "wcc_datahub", "target_name": "dev", "connection_name": "list_ANALYTICS_DEV"} */
show terse schemas in database ANALYTICS_DEV
    limit 10000
[0m16:32:17.304191 [debug] [ThreadPool]: SQL status: SUCCESS 4 in 0.284 seconds
[0m16:32:17.311977 [debug] [ThreadPool]: Using snowflake connection "list_ANALYTICS_DEV"
[0m16:32:17.311977 [debug] [ThreadPool]: On list_ANALYTICS_DEV: /* {"app": "dbt", "dbt_version": "1.9.0", "profile_name": "wcc_datahub", "target_name": "dev", "connection_name": "list_ANALYTICS_DEV"} */
show terse schemas in database ANALYTICS_DEV
    limit 10000
[0m16:32:17.624140 [debug] [ThreadPool]: SQL status: SUCCESS 4 in 0.311 seconds
[0m16:32:17.639584 [debug] [ThreadPool]: Using snowflake connection "list_ANALYTICS_DEV"
[0m16:32:17.639584 [debug] [ThreadPool]: On list_ANALYTICS_DEV: /* {"app": "dbt", "dbt_version": "1.9.0", "profile_name": "wcc_datahub", "target_name": "dev", "connection_name": "list_ANALYTICS_DEV"} */
show terse schemas in database ANALYTICS_DEV
    limit 10000
[0m16:32:17.945603 [debug] [ThreadPool]: SQL status: SUCCESS 4 in 0.304 seconds
[0m16:32:17.947459 [debug] [ThreadPool]: Re-using an available connection from the pool (formerly list_ANALYTICS_DEV, now create_ANALYTICS_DEV_SILVER_GOLD)
[0m16:32:17.949393 [debug] [ThreadPool]: Creating schema "database: "ANALYTICS_DEV"
schema: "SILVER_GOLD"
"
[0m16:32:17.954653 [debug] [ThreadPool]: Using snowflake connection "create_ANALYTICS_DEV_SILVER_GOLD"
[0m16:32:17.954653 [debug] [ThreadPool]: On create_ANALYTICS_DEV_SILVER_GOLD: /* {"app": "dbt", "dbt_version": "1.9.0", "profile_name": "wcc_datahub", "target_name": "dev", "connection_name": "create_ANALYTICS_DEV_SILVER_GOLD"} */
create schema if not exists ANALYTICS_DEV.SILVER_GOLD
[0m16:32:18.258405 [debug] [ThreadPool]: SQL status: SUCCESS 1 in 0.311 seconds
[0m16:32:18.271392 [debug] [ThreadPool]: Re-using an available connection from the pool (formerly create_ANALYTICS_DEV_SILVER_GOLD, now create_ANALYTICS_DEV_SILVER_SILVER)
[0m16:32:18.271392 [debug] [ThreadPool]: Creating schema "database: "ANALYTICS_DEV"
schema: "SILVER_SILVER"
"
[0m16:32:18.274734 [debug] [ThreadPool]: Using snowflake connection "create_ANALYTICS_DEV_SILVER_SILVER"
[0m16:32:18.274734 [debug] [ThreadPool]: On create_ANALYTICS_DEV_SILVER_SILVER: /* {"app": "dbt", "dbt_version": "1.9.0", "profile_name": "wcc_datahub", "target_name": "dev", "connection_name": "create_ANALYTICS_DEV_SILVER_SILVER"} */
create schema if not exists ANALYTICS_DEV.SILVER_SILVER
[0m16:32:18.614738 [debug] [ThreadPool]: SQL status: SUCCESS 1 in 0.337 seconds
[0m16:32:18.616074 [debug] [ThreadPool]: Re-using an available connection from the pool (formerly create_ANALYTICS_DEV_SILVER_SILVER, now create_ANALYTICS_DEV_SILVER_BRONZE)
[0m16:32:18.616074 [debug] [ThreadPool]: Creating schema "database: "ANALYTICS_DEV"
schema: "SILVER_BRONZE"
"
[0m16:32:18.616074 [debug] [ThreadPool]: Using snowflake connection "create_ANALYTICS_DEV_SILVER_BRONZE"
[0m16:32:18.616074 [debug] [ThreadPool]: On create_ANALYTICS_DEV_SILVER_BRONZE: /* {"app": "dbt", "dbt_version": "1.9.0", "profile_name": "wcc_datahub", "target_name": "dev", "connection_name": "create_ANALYTICS_DEV_SILVER_BRONZE"} */
create schema if not exists ANALYTICS_DEV.SILVER_BRONZE
[0m16:32:18.952997 [debug] [ThreadPool]: SQL status: SUCCESS 1 in 0.331 seconds
[0m16:32:18.952997 [debug] [ThreadPool]: Re-using an available connection from the pool (formerly create_ANALYTICS_DEV_SILVER_BRONZE, now create_ANALYTICS_DEV_SILVER_LANDING)
[0m16:32:18.952997 [debug] [ThreadPool]: Creating schema "database: "ANALYTICS_DEV"
schema: "SILVER_LANDING"
"
[0m16:32:18.959647 [debug] [ThreadPool]: Using snowflake connection "create_ANALYTICS_DEV_SILVER_LANDING"
[0m16:32:18.959647 [debug] [ThreadPool]: On create_ANALYTICS_DEV_SILVER_LANDING: /* {"app": "dbt", "dbt_version": "1.9.0", "profile_name": "wcc_datahub", "target_name": "dev", "connection_name": "create_ANALYTICS_DEV_SILVER_LANDING"} */
create schema if not exists ANALYTICS_DEV.SILVER_LANDING
[0m16:32:19.276550 [debug] [ThreadPool]: SQL status: SUCCESS 1 in 0.315 seconds
[0m16:32:19.283062 [debug] [ThreadPool]: Acquiring new snowflake connection 'list_ANALYTICS_DEV_SILVER_GOLD'
[0m16:32:19.302109 [debug] [ThreadPool]: Using snowflake connection "list_ANALYTICS_DEV_SILVER_GOLD"
[0m16:32:19.302708 [debug] [ThreadPool]: On list_ANALYTICS_DEV_SILVER_GOLD: /* {"app": "dbt", "dbt_version": "1.9.0", "profile_name": "wcc_datahub", "target_name": "dev", "connection_name": "list_ANALYTICS_DEV_SILVER_GOLD"} */
alter session set quoted_identifiers_ignore_case = false;
[0m16:32:19.302708 [debug] [ThreadPool]: Opening a new connection, currently in state init
[0m16:32:25.430080 [debug] [ThreadPool]: SQL status: SUCCESS 1 in 6.127 seconds
[0m16:32:25.436070 [debug] [ThreadPool]: Using snowflake connection "list_ANALYTICS_DEV_SILVER_GOLD"
[0m16:32:25.436577 [debug] [ThreadPool]: On list_ANALYTICS_DEV_SILVER_GOLD: /* {"app": "dbt", "dbt_version": "1.9.0", "profile_name": "wcc_datahub", "target_name": "dev", "connection_name": "list_ANALYTICS_DEV_SILVER_GOLD"} */
show objects in ANALYTICS_DEV.SILVER_GOLD
    limit 10000
    
;
[0m16:32:25.766011 [debug] [ThreadPool]: SQL status: SUCCESS 0 in 0.329 seconds
[0m16:32:25.768713 [debug] [ThreadPool]: Using snowflake connection "list_ANALYTICS_DEV_SILVER_GOLD"
[0m16:32:25.768713 [debug] [ThreadPool]: On list_ANALYTICS_DEV_SILVER_GOLD: /* {"app": "dbt", "dbt_version": "1.9.0", "profile_name": "wcc_datahub", "target_name": "dev", "connection_name": "list_ANALYTICS_DEV_SILVER_GOLD"} */
alter session unset quoted_identifiers_ignore_case;
[0m16:32:26.075762 [debug] [ThreadPool]: SQL status: SUCCESS 1 in 0.306 seconds
[0m16:32:26.076458 [debug] [ThreadPool]: Re-using an available connection from the pool (formerly list_ANALYTICS_DEV_SILVER_GOLD, now list_ANALYTICS_DEV_SILVER_SILVER)
[0m16:32:26.078464 [debug] [ThreadPool]: Using snowflake connection "list_ANALYTICS_DEV_SILVER_SILVER"
[0m16:32:26.078464 [debug] [ThreadPool]: On list_ANALYTICS_DEV_SILVER_SILVER: /* {"app": "dbt", "dbt_version": "1.9.0", "profile_name": "wcc_datahub", "target_name": "dev", "connection_name": "list_ANALYTICS_DEV_SILVER_SILVER"} */
alter session set quoted_identifiers_ignore_case = false;
[0m16:32:26.367113 [debug] [ThreadPool]: SQL status: SUCCESS 1 in 0.292 seconds
[0m16:32:26.367113 [debug] [ThreadPool]: Using snowflake connection "list_ANALYTICS_DEV_SILVER_SILVER"
[0m16:32:26.367113 [debug] [ThreadPool]: On list_ANALYTICS_DEV_SILVER_SILVER: /* {"app": "dbt", "dbt_version": "1.9.0", "profile_name": "wcc_datahub", "target_name": "dev", "connection_name": "list_ANALYTICS_DEV_SILVER_SILVER"} */
show objects in ANALYTICS_DEV.SILVER_SILVER
    limit 10000
    
;
[0m16:32:26.668606 [debug] [ThreadPool]: SQL status: SUCCESS 0 in 0.298 seconds
[0m16:32:26.676694 [debug] [ThreadPool]: Using snowflake connection "list_ANALYTICS_DEV_SILVER_SILVER"
[0m16:32:26.676694 [debug] [ThreadPool]: On list_ANALYTICS_DEV_SILVER_SILVER: /* {"app": "dbt", "dbt_version": "1.9.0", "profile_name": "wcc_datahub", "target_name": "dev", "connection_name": "list_ANALYTICS_DEV_SILVER_SILVER"} */
alter session unset quoted_identifiers_ignore_case;
[0m16:32:27.185163 [debug] [ThreadPool]: SQL status: SUCCESS 1 in 0.508 seconds
[0m16:32:27.187783 [debug] [ThreadPool]: Re-using an available connection from the pool (formerly list_ANALYTICS_DEV_SILVER_SILVER, now list_ANALYTICS_DEV_SILVER_BRONZE)
[0m16:32:27.193300 [debug] [ThreadPool]: Using snowflake connection "list_ANALYTICS_DEV_SILVER_BRONZE"
[0m16:32:27.193300 [debug] [ThreadPool]: On list_ANALYTICS_DEV_SILVER_BRONZE: /* {"app": "dbt", "dbt_version": "1.9.0", "profile_name": "wcc_datahub", "target_name": "dev", "connection_name": "list_ANALYTICS_DEV_SILVER_BRONZE"} */
alter session set quoted_identifiers_ignore_case = false;
[0m16:32:27.485025 [debug] [ThreadPool]: SQL status: SUCCESS 1 in 0.297 seconds
[0m16:32:27.493575 [debug] [ThreadPool]: Using snowflake connection "list_ANALYTICS_DEV_SILVER_BRONZE"
[0m16:32:27.493575 [debug] [ThreadPool]: On list_ANALYTICS_DEV_SILVER_BRONZE: /* {"app": "dbt", "dbt_version": "1.9.0", "profile_name": "wcc_datahub", "target_name": "dev", "connection_name": "list_ANALYTICS_DEV_SILVER_BRONZE"} */
show objects in ANALYTICS_DEV.SILVER_BRONZE
    limit 10000
    
;
[0m16:32:27.820092 [debug] [ThreadPool]: SQL status: SUCCESS 0 in 0.326 seconds
[0m16:32:27.820092 [debug] [ThreadPool]: Using snowflake connection "list_ANALYTICS_DEV_SILVER_BRONZE"
[0m16:32:27.820092 [debug] [ThreadPool]: On list_ANALYTICS_DEV_SILVER_BRONZE: /* {"app": "dbt", "dbt_version": "1.9.0", "profile_name": "wcc_datahub", "target_name": "dev", "connection_name": "list_ANALYTICS_DEV_SILVER_BRONZE"} */
alter session unset quoted_identifiers_ignore_case;
[0m16:32:28.166809 [debug] [ThreadPool]: SQL status: SUCCESS 1 in 0.352 seconds
[0m16:32:28.180297 [debug] [ThreadPool]: Re-using an available connection from the pool (formerly list_ANALYTICS_DEV_SILVER_BRONZE, now list_ANALYTICS_DEV_SILVER_LANDING)
[0m16:32:28.184651 [debug] [ThreadPool]: Using snowflake connection "list_ANALYTICS_DEV_SILVER_LANDING"
[0m16:32:28.184651 [debug] [ThreadPool]: On list_ANALYTICS_DEV_SILVER_LANDING: /* {"app": "dbt", "dbt_version": "1.9.0", "profile_name": "wcc_datahub", "target_name": "dev", "connection_name": "list_ANALYTICS_DEV_SILVER_LANDING"} */
alter session set quoted_identifiers_ignore_case = false;
[0m16:32:28.519090 [debug] [ThreadPool]: SQL status: SUCCESS 1 in 0.331 seconds
[0m16:32:28.550701 [debug] [ThreadPool]: Using snowflake connection "list_ANALYTICS_DEV_SILVER_LANDING"
[0m16:32:28.550701 [debug] [ThreadPool]: On list_ANALYTICS_DEV_SILVER_LANDING: /* {"app": "dbt", "dbt_version": "1.9.0", "profile_name": "wcc_datahub", "target_name": "dev", "connection_name": "list_ANALYTICS_DEV_SILVER_LANDING"} */
show objects in ANALYTICS_DEV.SILVER_LANDING
    limit 10000
    
;
[0m16:32:28.836334 [debug] [ThreadPool]: SQL status: SUCCESS 0 in 0.288 seconds
[0m16:32:28.836334 [debug] [ThreadPool]: Using snowflake connection "list_ANALYTICS_DEV_SILVER_LANDING"
[0m16:32:28.843563 [debug] [ThreadPool]: On list_ANALYTICS_DEV_SILVER_LANDING: /* {"app": "dbt", "dbt_version": "1.9.0", "profile_name": "wcc_datahub", "target_name": "dev", "connection_name": "list_ANALYTICS_DEV_SILVER_LANDING"} */
alter session unset quoted_identifiers_ignore_case;
[0m16:32:29.158527 [debug] [ThreadPool]: SQL status: SUCCESS 1 in 0.317 seconds
[0m16:32:29.167162 [debug] [MainThread]: Sending event: {'category': 'dbt', 'action': 'runnable_timing', 'label': '9d3e79c7-8c70-4ce2-9e4f-62d9d6b58884', 'context': [<snowplow_tracker.self_describing_json.SelfDescribingJson object at 0x000001FA79CE4BC0>]}
[0m16:32:29.169704 [debug] [Thread-1 (]: Began running node seed.wcc_datahub.boroughs
[0m16:32:29.169704 [info ] [Thread-1 (]: 1 of 8 START seed file SILVER_LANDING.boroughs ................................. [RUN]
[0m16:32:29.174808 [debug] [Thread-1 (]: Acquiring new snowflake connection 'seed.wcc_datahub.boroughs'
[0m16:32:29.175315 [debug] [Thread-1 (]: Began compiling node seed.wcc_datahub.boroughs
[0m16:32:29.175959 [debug] [Thread-1 (]: Began executing node seed.wcc_datahub.boroughs
[0m16:32:29.224370 [debug] [Thread-1 (]: Using snowflake connection "seed.wcc_datahub.boroughs"
[0m16:32:29.226380 [debug] [Thread-1 (]: On seed.wcc_datahub.boroughs: /* {"app": "dbt", "dbt_version": "1.9.0", "profile_name": "wcc_datahub", "target_name": "dev", "node_id": "seed.wcc_datahub.boroughs"} */
create table ANALYTICS_DEV.SILVER_LANDING.boroughs (borough_id integer,name text)
[0m16:32:29.226380 [debug] [Thread-1 (]: Opening a new connection, currently in state init
[0m16:32:33.125246 [debug] [Thread-1 (]: SQL status: SUCCESS 1 in 3.899 seconds
[0m16:32:33.144733 [debug] [Thread-1 (]: Using snowflake connection "seed.wcc_datahub.boroughs"
[0m16:32:33.144733 [debug] [Thread-1 (]: On seed.wcc_datahub.boroughs: /* {"app": "dbt", "dbt_version": "1.9.0", "profile_name": "wcc_datahub", "target_name": "dev", "node_id": "seed.wcc_datahub.boroughs"} */
BEGIN
[0m16:32:33.599462 [debug] [Thread-1 (]: SQL status: SUCCESS 1 in 0.455 seconds
[0m16:32:33.599462 [debug] [Thread-1 (]: Using snowflake connection "seed.wcc_datahub.boroughs"
[0m16:32:33.599462 [debug] [Thread-1 (]: On seed.wcc_datahub.boroughs: /* {"app": "dbt", "dbt_version": "1.9.0", "profile_name": "wcc_datahub", "target_name": "dev", "node_id": "seed.wcc_datahub.boroughs"} */
insert into ANALYTICS_DEV.SILVER_LANDING.boroughs (borough_id, name) values
            (%s,%s),(%s,%s),(%s,%s),(%s,%s),(%s,%s)...
[0m16:32:35.163256 [debug] [Thread-1 (]: SQL status: SUCCESS 5 in 1.561 seconds
[0m16:32:35.163256 [debug] [Thread-1 (]: Using snowflake connection "seed.wcc_datahub.boroughs"
[0m16:32:35.163256 [debug] [Thread-1 (]: On seed.wcc_datahub.boroughs: /* {"app": "dbt", "dbt_version": "1.9.0", "profile_name": "wcc_datahub", "target_name": "dev", "node_id": "seed.wcc_datahub.boroughs"} */
COMMIT
[0m16:32:35.683988 [debug] [Thread-1 (]: SQL status: SUCCESS 1 in 0.519 seconds
[0m16:32:35.693541 [debug] [Thread-1 (]: Writing runtime SQL for node "seed.wcc_datahub.boroughs"
[0m16:32:35.758113 [debug] [Thread-1 (]: Sending event: {'category': 'dbt', 'action': 'run_model', 'label': '9d3e79c7-8c70-4ce2-9e4f-62d9d6b58884', 'context': [<snowplow_tracker.self_describing_json.SelfDescribingJson object at 0x000001FA7498F620>]}
[0m16:32:35.758625 [info ] [Thread-1 (]: 1 of 8 OK loaded seed file SILVER_LANDING.boroughs ............................. [[32mINSERT 5[0m in 6.58s]
[0m16:32:35.760084 [debug] [Thread-1 (]: Finished running node seed.wcc_datahub.boroughs
[0m16:32:35.761245 [debug] [Thread-1 (]: Began running node model.wcc_datahub.bronze_boroughs
[0m16:32:35.761844 [info ] [Thread-1 (]: 2 of 8 START sql table model SILVER_BRONZE.bronze_boroughs ..................... [RUN]
[0m16:32:35.761844 [debug] [Thread-1 (]: Re-using an available connection from the pool (formerly seed.wcc_datahub.boroughs, now model.wcc_datahub.bronze_boroughs)
[0m16:32:35.762396 [debug] [Thread-1 (]: Began compiling node model.wcc_datahub.bronze_boroughs
[0m16:32:35.772069 [debug] [Thread-1 (]: Writing injected SQL for node "model.wcc_datahub.bronze_boroughs"
[0m16:32:35.810832 [debug] [Thread-1 (]: Began executing node model.wcc_datahub.bronze_boroughs
[0m16:32:35.845049 [debug] [Thread-1 (]: Writing runtime sql for node "model.wcc_datahub.bronze_boroughs"
[0m16:32:35.858229 [debug] [Thread-1 (]: Using snowflake connection "model.wcc_datahub.bronze_boroughs"
[0m16:32:35.858229 [debug] [Thread-1 (]: On model.wcc_datahub.bronze_boroughs: /* {"app": "dbt", "dbt_version": "1.9.0", "profile_name": "wcc_datahub", "target_name": "dev", "node_id": "model.wcc_datahub.bronze_boroughs"} */
create or replace transient table ANALYTICS_DEV.SILVER_BRONZE.bronze_boroughs
    

    
    as (-- Bronze: lightly curated from the seed
select
  cast(borough_id as number) as borough_id,
  cast(name as string)       as name
from ANALYTICS_DEV.SILVER_LANDING.boroughs
    )
;
[0m16:32:37.229445 [debug] [Thread-1 (]: SQL status: SUCCESS 1 in 1.370 seconds
[0m16:32:37.230953 [debug] [Thread-1 (]: Sending event: {'category': 'dbt', 'action': 'run_model', 'label': '9d3e79c7-8c70-4ce2-9e4f-62d9d6b58884', 'context': [<snowplow_tracker.self_describing_json.SelfDescribingJson object at 0x000001FA7AEDB6B0>]}
[0m16:32:37.232961 [info ] [Thread-1 (]: 2 of 8 OK created sql table model SILVER_BRONZE.bronze_boroughs ................ [[32mSUCCESS 1[0m in 1.47s]
[0m16:32:37.233880 [debug] [Thread-1 (]: Finished running node model.wcc_datahub.bronze_boroughs
[0m16:32:37.235000 [debug] [Thread-1 (]: Began running node test.wcc_datahub.not_null_bronze_boroughs_borough_id.9a47dfa099
[0m16:32:37.235506 [info ] [Thread-1 (]: 3 of 8 START test not_null_bronze_boroughs_borough_id .......................... [RUN]
[0m16:32:37.236130 [debug] [Thread-1 (]: Re-using an available connection from the pool (formerly model.wcc_datahub.bronze_boroughs, now test.wcc_datahub.not_null_bronze_boroughs_borough_id.9a47dfa099)
[0m16:32:37.236130 [debug] [Thread-1 (]: Began compiling node test.wcc_datahub.not_null_bronze_boroughs_borough_id.9a47dfa099
[0m16:32:37.245739 [debug] [Thread-1 (]: Writing injected SQL for node "test.wcc_datahub.not_null_bronze_boroughs_borough_id.9a47dfa099"
[0m16:32:37.256320 [debug] [Thread-1 (]: Began executing node test.wcc_datahub.not_null_bronze_boroughs_borough_id.9a47dfa099
[0m16:32:37.268832 [debug] [Thread-1 (]: Writing runtime sql for node "test.wcc_datahub.not_null_bronze_boroughs_borough_id.9a47dfa099"
[0m16:32:37.291358 [debug] [Thread-1 (]: Using snowflake connection "test.wcc_datahub.not_null_bronze_boroughs_borough_id.9a47dfa099"
[0m16:32:37.291358 [debug] [Thread-1 (]: On test.wcc_datahub.not_null_bronze_boroughs_borough_id.9a47dfa099: /* {"app": "dbt", "dbt_version": "1.9.0", "profile_name": "wcc_datahub", "target_name": "dev", "node_id": "test.wcc_datahub.not_null_bronze_boroughs_borough_id.9a47dfa099"} */
select
      count(*) as failures,
      count(*) != 0 as should_warn,
      count(*) != 0 as should_error
    from (
      
    
  
    
    



select borough_id
from ANALYTICS_DEV.SILVER_BRONZE.bronze_boroughs
where borough_id is null



  
  
      
    ) dbt_internal_test
[0m16:32:37.694483 [debug] [Thread-1 (]: SQL status: SUCCESS 1 in 0.404 seconds
[0m16:32:37.700694 [info ] [Thread-1 (]: 3 of 8 PASS not_null_bronze_boroughs_borough_id ................................ [[32mPASS[0m in 0.46s]
[0m16:32:37.703133 [debug] [Thread-1 (]: Finished running node test.wcc_datahub.not_null_bronze_boroughs_borough_id.9a47dfa099
[0m16:32:37.703506 [debug] [Thread-1 (]: Began running node test.wcc_datahub.unique_bronze_boroughs_borough_id.235659953b
[0m16:32:37.703506 [info ] [Thread-1 (]: 4 of 8 START test unique_bronze_boroughs_borough_id ............................ [RUN]
[0m16:32:37.704232 [debug] [Thread-1 (]: Re-using an available connection from the pool (formerly test.wcc_datahub.not_null_bronze_boroughs_borough_id.9a47dfa099, now test.wcc_datahub.unique_bronze_boroughs_borough_id.235659953b)
[0m16:32:37.704232 [debug] [Thread-1 (]: Began compiling node test.wcc_datahub.unique_bronze_boroughs_borough_id.235659953b
[0m16:32:37.708833 [debug] [Thread-1 (]: Writing injected SQL for node "test.wcc_datahub.unique_bronze_boroughs_borough_id.235659953b"
[0m16:32:37.715561 [debug] [Thread-1 (]: Began executing node test.wcc_datahub.unique_bronze_boroughs_borough_id.235659953b
[0m16:32:37.715561 [debug] [Thread-1 (]: Writing runtime sql for node "test.wcc_datahub.unique_bronze_boroughs_borough_id.235659953b"
[0m16:32:37.732419 [debug] [Thread-1 (]: Using snowflake connection "test.wcc_datahub.unique_bronze_boroughs_borough_id.235659953b"
[0m16:32:37.732419 [debug] [Thread-1 (]: On test.wcc_datahub.unique_bronze_boroughs_borough_id.235659953b: /* {"app": "dbt", "dbt_version": "1.9.0", "profile_name": "wcc_datahub", "target_name": "dev", "node_id": "test.wcc_datahub.unique_bronze_boroughs_borough_id.235659953b"} */
select
      count(*) as failures,
      count(*) != 0 as should_warn,
      count(*) != 0 as should_error
    from (
      
    
  
    
    

select
    borough_id as unique_field,
    count(*) as n_records

from ANALYTICS_DEV.SILVER_BRONZE.bronze_boroughs
where borough_id is not null
group by borough_id
having count(*) > 1



  
  
      
    ) dbt_internal_test
[0m16:32:38.115658 [debug] [Thread-1 (]: SQL status: SUCCESS 1 in 0.382 seconds
[0m16:32:38.117089 [info ] [Thread-1 (]: 4 of 8 PASS unique_bronze_boroughs_borough_id .................................. [[32mPASS[0m in 0.41s]
[0m16:32:38.117089 [debug] [Thread-1 (]: Finished running node test.wcc_datahub.unique_bronze_boroughs_borough_id.235659953b
[0m16:32:38.118989 [debug] [Thread-1 (]: Began running node model.wcc_datahub.silver_boroughs
[0m16:32:38.118989 [info ] [Thread-1 (]: 5 of 8 START sql incremental model SILVER_SILVER.silver_boroughs ............... [RUN]
[0m16:32:38.120322 [debug] [Thread-1 (]: Re-using an available connection from the pool (formerly test.wcc_datahub.unique_bronze_boroughs_borough_id.235659953b, now model.wcc_datahub.silver_boroughs)
[0m16:32:38.120322 [debug] [Thread-1 (]: Began compiling node model.wcc_datahub.silver_boroughs
[0m16:32:38.121431 [debug] [Thread-1 (]: Writing injected SQL for node "model.wcc_datahub.silver_boroughs"
[0m16:32:38.134079 [debug] [Thread-1 (]: Began executing node model.wcc_datahub.silver_boroughs
[0m16:32:38.164835 [debug] [Thread-1 (]: Writing runtime sql for node "model.wcc_datahub.silver_boroughs"
[0m16:32:38.180506 [debug] [Thread-1 (]: Using snowflake connection "model.wcc_datahub.silver_boroughs"
[0m16:32:38.180506 [debug] [Thread-1 (]: On model.wcc_datahub.silver_boroughs: /* {"app": "dbt", "dbt_version": "1.9.0", "profile_name": "wcc_datahub", "target_name": "dev", "node_id": "model.wcc_datahub.silver_boroughs"} */
create or replace transient table ANALYTICS_DEV.SILVER_SILVER.silver_boroughs
    

    
    as (-- Silver: cleaned & incremental


select
  borough_id,
  initcap(name) as borough_name
from ANALYTICS_DEV.SILVER_BRONZE.bronze_boroughs


    )
;
[0m16:32:39.063117 [debug] [Thread-1 (]: SQL status: SUCCESS 1 in 0.880 seconds
[0m16:32:39.080120 [debug] [Thread-1 (]: Applying DROP to: ANALYTICS_DEV.SILVER_SILVER.silver_boroughs__dbt_tmp
[0m16:32:39.084907 [debug] [Thread-1 (]: Using snowflake connection "model.wcc_datahub.silver_boroughs"
[0m16:32:39.084907 [debug] [Thread-1 (]: On model.wcc_datahub.silver_boroughs: /* {"app": "dbt", "dbt_version": "1.9.0", "profile_name": "wcc_datahub", "target_name": "dev", "node_id": "model.wcc_datahub.silver_boroughs"} */
drop view if exists ANALYTICS_DEV.SILVER_SILVER.silver_boroughs__dbt_tmp cascade
[0m16:32:39.465685 [debug] [Thread-1 (]: SQL status: SUCCESS 1 in 0.378 seconds
[0m16:32:39.474129 [debug] [Thread-1 (]: Sending event: {'category': 'dbt', 'action': 'run_model', 'label': '9d3e79c7-8c70-4ce2-9e4f-62d9d6b58884', 'context': [<snowplow_tracker.self_describing_json.SelfDescribingJson object at 0x000001FA7AEEE4B0>]}
[0m16:32:39.474129 [info ] [Thread-1 (]: 5 of 8 OK created sql incremental model SILVER_SILVER.silver_boroughs .......... [[32mSUCCESS 1[0m in 1.36s]
[0m16:32:39.476435 [debug] [Thread-1 (]: Finished running node model.wcc_datahub.silver_boroughs
[0m16:32:39.478094 [debug] [Thread-1 (]: Began running node test.wcc_datahub.not_null_silver_boroughs_borough_id.753c27c866
[0m16:32:39.478682 [info ] [Thread-1 (]: 6 of 8 START test not_null_silver_boroughs_borough_id .......................... [RUN]
[0m16:32:39.479238 [debug] [Thread-1 (]: Re-using an available connection from the pool (formerly model.wcc_datahub.silver_boroughs, now test.wcc_datahub.not_null_silver_boroughs_borough_id.753c27c866)
[0m16:32:39.480351 [debug] [Thread-1 (]: Began compiling node test.wcc_datahub.not_null_silver_boroughs_borough_id.753c27c866
[0m16:32:39.486887 [debug] [Thread-1 (]: Writing injected SQL for node "test.wcc_datahub.not_null_silver_boroughs_borough_id.753c27c866"
[0m16:32:39.500076 [debug] [Thread-1 (]: Began executing node test.wcc_datahub.not_null_silver_boroughs_borough_id.753c27c866
[0m16:32:39.505221 [debug] [Thread-1 (]: Writing runtime sql for node "test.wcc_datahub.not_null_silver_boroughs_borough_id.753c27c866"
[0m16:32:39.516208 [debug] [Thread-1 (]: Using snowflake connection "test.wcc_datahub.not_null_silver_boroughs_borough_id.753c27c866"
[0m16:32:39.516208 [debug] [Thread-1 (]: On test.wcc_datahub.not_null_silver_boroughs_borough_id.753c27c866: /* {"app": "dbt", "dbt_version": "1.9.0", "profile_name": "wcc_datahub", "target_name": "dev", "node_id": "test.wcc_datahub.not_null_silver_boroughs_borough_id.753c27c866"} */
select
      count(*) as failures,
      count(*) != 0 as should_warn,
      count(*) != 0 as should_error
    from (
      
    
  
    
    



select borough_id
from ANALYTICS_DEV.SILVER_SILVER.silver_boroughs
where borough_id is null



  
  
      
    ) dbt_internal_test
[0m16:32:39.908863 [debug] [Thread-1 (]: SQL status: SUCCESS 1 in 0.391 seconds
[0m16:32:39.916582 [info ] [Thread-1 (]: 6 of 8 PASS not_null_silver_boroughs_borough_id ................................ [[32mPASS[0m in 0.43s]
[0m16:32:39.917671 [debug] [Thread-1 (]: Finished running node test.wcc_datahub.not_null_silver_boroughs_borough_id.753c27c866
[0m16:32:39.918404 [debug] [Thread-1 (]: Began running node test.wcc_datahub.unique_silver_boroughs_borough_id.18382963ec
[0m16:32:39.918960 [info ] [Thread-1 (]: 7 of 8 START test unique_silver_boroughs_borough_id ............................ [RUN]
[0m16:32:39.919644 [debug] [Thread-1 (]: Re-using an available connection from the pool (formerly test.wcc_datahub.not_null_silver_boroughs_borough_id.753c27c866, now test.wcc_datahub.unique_silver_boroughs_borough_id.18382963ec)
[0m16:32:39.920360 [debug] [Thread-1 (]: Began compiling node test.wcc_datahub.unique_silver_boroughs_borough_id.18382963ec
[0m16:32:39.926296 [debug] [Thread-1 (]: Writing injected SQL for node "test.wcc_datahub.unique_silver_boroughs_borough_id.18382963ec"
[0m16:32:39.936139 [debug] [Thread-1 (]: Began executing node test.wcc_datahub.unique_silver_boroughs_borough_id.18382963ec
[0m16:32:39.942223 [debug] [Thread-1 (]: Writing runtime sql for node "test.wcc_datahub.unique_silver_boroughs_borough_id.18382963ec"
[0m16:32:39.952316 [debug] [Thread-1 (]: Using snowflake connection "test.wcc_datahub.unique_silver_boroughs_borough_id.18382963ec"
[0m16:32:39.953895 [debug] [Thread-1 (]: On test.wcc_datahub.unique_silver_boroughs_borough_id.18382963ec: /* {"app": "dbt", "dbt_version": "1.9.0", "profile_name": "wcc_datahub", "target_name": "dev", "node_id": "test.wcc_datahub.unique_silver_boroughs_borough_id.18382963ec"} */
select
      count(*) as failures,
      count(*) != 0 as should_warn,
      count(*) != 0 as should_error
    from (
      
    
  
    
    

select
    borough_id as unique_field,
    count(*) as n_records

from ANALYTICS_DEV.SILVER_SILVER.silver_boroughs
where borough_id is not null
group by borough_id
having count(*) > 1



  
  
      
    ) dbt_internal_test
[0m16:32:40.318280 [debug] [Thread-1 (]: SQL status: SUCCESS 1 in 0.365 seconds
[0m16:32:40.318280 [info ] [Thread-1 (]: 7 of 8 PASS unique_silver_boroughs_borough_id .................................. [[32mPASS[0m in 0.40s]
[0m16:32:40.323938 [debug] [Thread-1 (]: Finished running node test.wcc_datahub.unique_silver_boroughs_borough_id.18382963ec
[0m16:32:40.325520 [debug] [Thread-1 (]: Began running node model.wcc_datahub.gold_borough_counts
[0m16:32:40.325520 [info ] [Thread-1 (]: 8 of 8 START sql table model SILVER_GOLD.gold_borough_counts ................... [RUN]
[0m16:32:40.327034 [debug] [Thread-1 (]: Re-using an available connection from the pool (formerly test.wcc_datahub.unique_silver_boroughs_borough_id.18382963ec, now model.wcc_datahub.gold_borough_counts)
[0m16:32:40.327034 [debug] [Thread-1 (]: Began compiling node model.wcc_datahub.gold_borough_counts
[0m16:32:40.332354 [debug] [Thread-1 (]: Writing injected SQL for node "model.wcc_datahub.gold_borough_counts"
[0m16:32:40.344295 [debug] [Thread-1 (]: Began executing node model.wcc_datahub.gold_borough_counts
[0m16:32:40.350738 [debug] [Thread-1 (]: Writing runtime sql for node "model.wcc_datahub.gold_borough_counts"
[0m16:32:40.359562 [debug] [Thread-1 (]: Using snowflake connection "model.wcc_datahub.gold_borough_counts"
[0m16:32:40.359562 [debug] [Thread-1 (]: On model.wcc_datahub.gold_borough_counts: /* {"app": "dbt", "dbt_version": "1.9.0", "profile_name": "wcc_datahub", "target_name": "dev", "node_id": "model.wcc_datahub.gold_borough_counts"} */
create or replace transient table ANALYTICS_DEV.SILVER_GOLD.gold_borough_counts
    

    
    as (-- Gold: tiny aggregate to prove lineage
select count(*) as row_count
from ANALYTICS_DEV.SILVER_SILVER.silver_boroughs
    )
;
[0m16:32:41.694053 [debug] [Thread-1 (]: SQL status: SUCCESS 1 in 1.334 seconds
[0m16:32:41.697800 [debug] [Thread-1 (]: Sending event: {'category': 'dbt', 'action': 'run_model', 'label': '9d3e79c7-8c70-4ce2-9e4f-62d9d6b58884', 'context': [<snowplow_tracker.self_describing_json.SelfDescribingJson object at 0x000001FA7AF7BF80>]}
[0m16:32:41.699542 [info ] [Thread-1 (]: 8 of 8 OK created sql table model SILVER_GOLD.gold_borough_counts .............. [[32mSUCCESS 1[0m in 1.37s]
[0m16:32:41.700787 [debug] [Thread-1 (]: Finished running node model.wcc_datahub.gold_borough_counts
[0m16:32:41.701411 [debug] [MainThread]: Connection 'master' was properly closed.
[0m16:32:41.703919 [debug] [MainThread]: Connection 'create_ANALYTICS_DEV_SILVER_LANDING' was left open.
[0m16:32:41.703919 [debug] [MainThread]: On create_ANALYTICS_DEV_SILVER_LANDING: Close
[0m16:32:42.444876 [debug] [MainThread]: Connection 'list_ANALYTICS_DEV_SILVER_LANDING' was left open.
[0m16:32:42.444876 [debug] [MainThread]: On list_ANALYTICS_DEV_SILVER_LANDING: Close
[0m16:32:42.967963 [debug] [MainThread]: Connection 'model.wcc_datahub.gold_borough_counts' was left open.
[0m16:32:42.967963 [debug] [MainThread]: On model.wcc_datahub.gold_borough_counts: Close
[0m16:32:43.632465 [info ] [MainThread]: 
[0m16:32:43.635268 [info ] [MainThread]: Finished running 1 incremental model, 1 seed, 2 table models, 4 data tests in 0 hours 0 minutes and 30.96 seconds (30.96s).
[0m16:32:43.637291 [debug] [MainThread]: Command end result
[0m16:32:43.696141 [debug] [MainThread]: Wrote artifact WritableManifest to C:\Users\pasivalingam\repos\dbt_snowflake\target\manifest.json
[0m16:32:43.734853 [debug] [MainThread]: Wrote artifact SemanticManifest to C:\Users\pasivalingam\repos\dbt_snowflake\target\semantic_manifest.json
[0m16:32:43.750175 [debug] [MainThread]: Wrote artifact RunExecutionResult to C:\Users\pasivalingam\repos\dbt_snowflake\target\run_results.json
[0m16:32:43.753426 [info ] [MainThread]: 
[0m16:32:43.753426 [info ] [MainThread]: [32mCompleted successfully[0m
[0m16:32:43.753937 [info ] [MainThread]: 
[0m16:32:43.753937 [info ] [MainThread]: Done. PASS=8 WARN=0 ERROR=0 SKIP=0 TOTAL=8
[0m16:32:43.754714 [debug] [MainThread]: Command `dbt build` succeeded at 16:32:43.754714 after 33.14 seconds
[0m16:32:43.755230 [debug] [MainThread]: Sending event: {'category': 'dbt', 'action': 'invocation', 'label': 'end', 'context': [<snowplow_tracker.self_describing_json.SelfDescribingJson object at 0x000001FA778A3530>, <snowplow_tracker.self_describing_json.SelfDescribingJson object at 0x000001FA778A3440>, <snowplow_tracker.self_describing_json.SelfDescribingJson object at 0x000001FA778A2810>]}
[0m16:32:43.755230 [debug] [MainThread]: Flushing usage events
[0m16:32:45.032950 [debug] [MainThread]: An error was encountered while trying to flush usage events
